  Main.cpp
C:\Users\emmft\OneDrive\Documentos\UASLP\7mo Semestre\Graficación por Computadora\Basics\Main.cpp(37,13): warning C4244: 'inicializando': conversión de 'double' a 'float'; posible pérdida de datos
C:\Users\emmft\OneDrive\Documentos\UASLP\7mo Semestre\Graficación por Computadora\Basics\Main.cpp(57,13): warning C4244: 'inicializando': conversión de 'double' a 'float'; posible pérdida de datos
C:\Users\emmft\OneDrive\Documentos\UASLP\7mo Semestre\Graficación por Computadora\Basics\Main.cpp(77,13): warning C4244: 'inicializando': conversión de 'double' a 'float'; posible pérdida de datos
C:\Users\emmft\OneDrive\Documentos\UASLP\7mo Semestre\Graficación por Computadora\Basics\Main.cpp(122,98): warning C4244: '=': conversión de 'double' a 'float'; posible pérdida de datos
C:\Users\emmft\OneDrive\Documentos\UASLP\7mo Semestre\Graficación por Computadora\Basics\Main.cpp(123,98): warning C4244: '=': conversión de 'double' a 'float'; posible pérdida de datos
C:\Users\emmft\OneDrive\Documentos\UASLP\7mo Semestre\Graficación por Computadora\Basics\Main.cpp(124,98): warning C4244: '=': conversión de 'double' a 'float'; posible pérdida de datos
C:\Users\emmft\OneDrive\Documentos\UASLP\7mo Semestre\Graficación por Computadora\Basics\Main.cpp(206,15): warning C4244: '=': conversión de 'double' a 'float'; posible pérdida de datos
C:\Users\emmft\OneDrive\Documentos\UASLP\7mo Semestre\Graficación por Computadora\Basics\Main.cpp(209,21): warning C4244: '=': conversión de 'double' a 'float'; posible pérdida de datos
C:\Users\emmft\OneDrive\Documentos\UASLP\7mo Semestre\Graficación por Computadora\Basics\Main.cpp(210,21): warning C4244: '=': conversión de 'double' a 'float'; posible pérdida de datos
C:\Users\emmft\OneDrive\Documentos\UASLP\7mo Semestre\Graficación por Computadora\Basics\Main.cpp(211,21): warning C4244: '=': conversión de 'double' a 'float'; posible pérdida de datos
C:\Users\emmft\OneDrive\Documentos\UASLP\7mo Semestre\Graficación por Computadora\Basics\Main.cpp(238,23): warning C4305: '+=': truncamiento de 'double' a 'float'
C:\Users\emmft\OneDrive\Documentos\UASLP\7mo Semestre\Graficación por Computadora\Basics\Main.cpp(242,23): warning C4305: '-=': truncamiento de 'double' a 'float'
C:\Users\emmft\OneDrive\Documentos\UASLP\7mo Semestre\Graficación por Computadora\Basics\Main.cpp(245,32): warning C4305: '=': truncamiento de 'double' a 'float'
C:\Users\emmft\OneDrive\Documentos\UASLP\7mo Semestre\Graficación por Computadora\Basics\Main.cpp(245,48): warning C4305: '=': truncamiento de 'double' a 'float'
C:\Users\emmft\OneDrive\Documentos\UASLP\7mo Semestre\Graficación por Computadora\Basics\Main.cpp(277,20): warning C4018: '<': no coinciden signed/unsigned
C:\Users\emmft\OneDrive\Documentos\UASLP\7mo Semestre\Graficación por Computadora\Basics\Main.cpp(279,52): warning C4305: 'argumento': truncamiento de 'double' a 'float'
C:\Users\emmft\OneDrive\Documentos\UASLP\7mo Semestre\Graficación por Computadora\Basics\Main.cpp(280,47): warning C4305: 'argumento': truncamiento de 'double' a 'float'
C:\Users\emmft\OneDrive\Documentos\UASLP\7mo Semestre\Graficación por Computadora\Basics\Main.cpp(285,54): warning C4305: 'argumento': truncamiento de 'double' a 'float'
C:\Users\emmft\OneDrive\Documentos\UASLP\7mo Semestre\Graficación por Computadora\Basics\Main.cpp(291,21): warning C4018: '<': no coinciden signed/unsigned
C:\Users\emmft\OneDrive\Documentos\UASLP\7mo Semestre\Graficación por Computadora\Basics\Main.cpp(325,17): warning C4305: '+=': truncamiento de 'double' a 'float'
C:\Users\emmft\OneDrive\Documentos\UASLP\7mo Semestre\Graficación por Computadora\Basics\Main.cpp(325,33): warning C4305: '+=': truncamiento de 'double' a 'float'
C:\Users\emmft\OneDrive\Documentos\UASLP\7mo Semestre\Graficación por Computadora\Basics\Main.cpp(325,49): warning C4305: '+=': truncamiento de 'double' a 'float'
C:\Users\emmft\OneDrive\Documentos\UASLP\7mo Semestre\Graficación por Computadora\Basics\Main.cpp(325,63): warning C4244: '+=': conversión de 'double' a 'float'; posible pérdida de datos
C:\Users\emmft\OneDrive\Documentos\UASLP\7mo Semestre\Graficación por Computadora\Basics\Main.cpp(328,17): warning C4244: '-=': conversión de 'double' a 'float'; posible pérdida de datos
C:\Users\emmft\OneDrive\Documentos\UASLP\7mo Semestre\Graficación por Computadora\Basics\Main.cpp(328,43): warning C4244: '-=': conversión de 'double' a 'float'; posible pérdida de datos
C:\Users\emmft\OneDrive\Documentos\UASLP\7mo Semestre\Graficación por Computadora\Basics\Main.cpp(328,67): warning C4244: '+=': conversión de 'double' a 'float'; posible pérdida de datos
C:\Users\emmft\OneDrive\Documentos\UASLP\7mo Semestre\Graficación por Computadora\Basics\Main.cpp(382,30): warning C4305: '=': truncamiento de 'double' a 'float'
C:\Users\emmft\OneDrive\Documentos\UASLP\7mo Semestre\Graficación por Computadora\Basics\Main.cpp(382,46): warning C4305: '=': truncamiento de 'double' a 'float'
C:\Users\emmft\OneDrive\Documentos\UASLP\7mo Semestre\Graficación por Computadora\Basics\Main.cpp(386,16): warning C4305: '=': truncamiento de 'double' a 'float'
C:\Users\emmft\OneDrive\Documentos\UASLP\7mo Semestre\Graficación por Computadora\Basics\Main.cpp(386,33): warning C4305: '=': truncamiento de 'double' a 'float'
C:\Users\emmft\OneDrive\Documentos\UASLP\7mo Semestre\Graficación por Computadora\Basics\Main.cpp(386,50): warning C4305: '=': truncamiento de 'double' a 'float'
C:\Users\emmft\OneDrive\Documentos\UASLP\7mo Semestre\Graficación por Computadora\Basics\Main.cpp(387,16): warning C4305: '=': truncamiento de 'double' a 'float'
C:\Users\emmft\OneDrive\Documentos\UASLP\7mo Semestre\Graficación por Computadora\Basics\Main.cpp(387,33): warning C4305: '=': truncamiento de 'double' a 'float'
C:\Users\emmft\OneDrive\Documentos\UASLP\7mo Semestre\Graficación por Computadora\Basics\Main.cpp(387,49): warning C4305: '=': truncamiento de 'double' a 'float'
C:\Users\emmft\OneDrive\Documentos\UASLP\7mo Semestre\Graficación por Computadora\Basics\Main.cpp(388,16): warning C4305: '=': truncamiento de 'double' a 'float'
C:\Users\emmft\OneDrive\Documentos\UASLP\7mo Semestre\Graficación por Computadora\Basics\Main.cpp(388,33): warning C4305: '=': truncamiento de 'double' a 'float'
C:\Users\emmft\OneDrive\Documentos\UASLP\7mo Semestre\Graficación por Computadora\Basics\Main.cpp(388,49): warning C4305: '=': truncamiento de 'double' a 'float'
C:\Users\emmft\OneDrive\Documentos\UASLP\7mo Semestre\Graficación por Computadora\Basics\Main.cpp(389,16): warning C4305: '=': truncamiento de 'double' a 'float'
C:\Users\emmft\OneDrive\Documentos\UASLP\7mo Semestre\Graficación por Computadora\Basics\Main.cpp(389,33): warning C4305: '=': truncamiento de 'double' a 'float'
C:\Users\emmft\OneDrive\Documentos\UASLP\7mo Semestre\Graficación por Computadora\Basics\Main.cpp(389,50): warning C4305: '=': truncamiento de 'double' a 'float'
C:\Users\emmft\OneDrive\Documentos\UASLP\7mo Semestre\Graficación por Computadora\Basics\Main.cpp(392,21): warning C4244: '=': conversión de 'double' a 'float'; posible pérdida de datos
C:\Users\emmft\OneDrive\Documentos\UASLP\7mo Semestre\Graficación por Computadora\Basics\Main.cpp(394,19): warning C4244: '=': conversión de 'double' a 'float'; posible pérdida de datos
  Basics.vcxproj -> C:\Users\emmft\OneDrive\Documentos\UASLP\7mo Semestre\Graficación por Computadora\Basics\Debug\Basics.exe
